<?xml version="1.0" encoding="UTF-8"?>
<testsuite name="AppTest" tests="4" skipped="0" failures="0" errors="0" timestamp="2016-02-16T18:09:33" hostname="epicodus-62.local" time="0.436">
  <properties/>
  <testcase name="taskIsCreated" classname="AppTest" time="0.339"/>
  <testcase name="rootTest" classname="AppTest" time="0.009"/>
  <testcase name="taskIsDisplayedTest" classname="AppTest" time="0.033"/>
  <testcase name="multipleTasksAreDisplayedTest" classname="AppTest" time="0.041"/>
  <system-out><![CDATA[]]></system-out>
  <system-err><![CDATA[[Thread-4] INFO spark.webserver.SparkServer - == Spark has ignited ...
[Thread-4] INFO spark.webserver.SparkServer - >> Listening on 0.0.0.0:4567
[Thread-4] INFO org.eclipse.jetty.server.Server - jetty-9.0.2.v20130417
[Thread-4] INFO org.eclipse.jetty.server.ServerConnector - Started ServerConnector@1c9ac650{HTTP/1.1}{0.0.0.0:4567}
[Test worker] INFO spark.webserver.SparkServer - >>> Spark shutting down ...
[Test worker] INFO org.eclipse.jetty.server.Server - Graceful shutdown org.eclipse.jetty.server.Server@13c06d60 by 
[Test worker] INFO org.eclipse.jetty.server.ServerConnector - Stopped ServerConnector@1c9ac650{HTTP/1.1}{0.0.0.0:4567}
[Test worker] INFO spark.webserver.SparkServer - done
]]></system-err>
</testsuite>
